#0 building with "desktop-linux" instance using docker driver

#1 [internal] load build definition from Dockerfile
#1 transferring dockerfile: 1.33kB done
#1 DONE 0.0s

#2 [internal] load metadata for docker.io/library/python:3.11-slim
#2 DONE 12.1s

#3 [internal] load .dockerignore
#3 transferring context: 189B done
#3 DONE 0.0s

#4 [internal] load build context
#4 transferring context: 918B done
#4 DONE 0.0s

#5 [1/7] FROM docker.io/library/python:3.11-slim@sha256:193fdd0bbcb3d2ae612bd6cc3548d2f7c78d65b549fcaa8af75624c47474444d
#5 resolve docker.io/library/python:3.11-slim@sha256:193fdd0bbcb3d2ae612bd6cc3548d2f7c78d65b549fcaa8af75624c47474444d 0.0s done
#5 DONE 0.0s

#6 [2/7] WORKDIR /app
#6 CACHED

#7 [3/7] COPY requirements.txt ./
#7 CACHED

#8 [4/7] RUN pip install --no-cache-dir -r requirements.txt
#8 CACHED

#9 [5/7] RUN useradd -m -u 10001 appuser && chown -R appuser:appuser /app
#9 DONE 0.1s

#10 [6/7] COPY app ./app
#10 DONE 0.0s

#11 [7/7] COPY scripts ./scripts
#11 DONE 0.0s

#12 exporting to image
#12 exporting layers 0.0s done
#12 exporting manifest sha256:4b339f63a529c845e56aeb7fd0da73f152f2959baf1dffd80c382bd1fc7add21 done
#12 exporting config sha256:2e802e9ebe5733e39e3c27247a9ed9ec23962309955da80bcfa4b50c0790e312 done
#12 exporting attestation manifest sha256:495e221f5689950a680cf68a70e1f234688de92a6cfa6f4eade9e45d8e8f99fd done
#12 exporting manifest list sha256:ef419e244549e3cb658bd4a9405643718e5534f57248b2ed4f5955295e27160c done
#12 naming to docker.io/library/secdev-seed:latest done
#12 unpacking to docker.io/library/secdev-seed:latest 0.0s done
#12 DONE 0.1s

View build details: docker-desktop://dashboard/build/desktop-linux/desktop-linux/dw1r9jak6mdvw9dld0q0knt3p

 [33m1 warning found (use docker --debug to expand):
[0m - JSONArgsRecommended: JSON arguments recommended for CMD to prevent unintended behavior related to OS signals (line 24)
